10-06-2020 05:22:40.422 [restartedMain] INFO  o.s.b.d.e.DevToolsPropertyDefaultsPostProcessor.logTo - Devtools property defaults active! Set 'spring.devtools.add-properties' to 'false' to disable
10-06-2020 05:22:40.438 [restartedMain] INFO  o.s.b.d.e.DevToolsPropertyDefaultsPostProcessor.logTo - For additional web related logging consider setting the 'logging.level.web' property to 'DEBUG'
10-06-2020 05:22:43.625 [restartedMain] INFO  o.s.d.r.c.RepositoryConfigurationDelegate.registerRepositoriesIn - Bootstrapping Spring Data repositories in DEFAULT mode.
10-06-2020 05:22:43.874 [restartedMain] INFO  o.s.d.r.c.RepositoryConfigurationDelegate.registerRepositoriesIn - Finished Spring Data repository scanning in 234ms. Found 18 repository interfaces.
10-06-2020 05:22:45.062 [restartedMain] INFO  o.s.c.s.PostProcessorRegistrationDelegate$BeanPostProcessorChecker.postProcessAfterInitialization - Bean 'org.springframework.transaction.annotation.ProxyTransactionManagementConfiguration' of type [org.springframework.transaction.annotation.ProxyTransactionManagementConfiguration$$EnhancerBySpringCGLIB$$c46ad26a] is not eligible for getting processed by all BeanPostProcessors (for example: not eligible for auto-proxying)
10-06-2020 05:22:45.124 [restartedMain] INFO  o.s.c.s.PostProcessorRegistrationDelegate$BeanPostProcessorChecker.postProcessAfterInitialization - Bean 'org.springframework.security.config.annotation.configuration.ObjectPostProcessorConfiguration' of type [org.springframework.security.config.annotation.configuration.ObjectPostProcessorConfiguration$$EnhancerBySpringCGLIB$$5d189aa4] is not eligible for getting processed by all BeanPostProcessors (for example: not eligible for auto-proxying)
10-06-2020 05:22:45.140 [restartedMain] INFO  o.s.c.s.PostProcessorRegistrationDelegate$BeanPostProcessorChecker.postProcessAfterInitialization - Bean 'objectPostProcessor' of type [org.springframework.security.config.annotation.configuration.AutowireBeanFactoryObjectPostProcessor] is not eligible for getting processed by all BeanPostProcessors (for example: not eligible for auto-proxying)
10-06-2020 05:22:45.140 [restartedMain] INFO  o.s.c.s.PostProcessorRegistrationDelegate$BeanPostProcessorChecker.postProcessAfterInitialization - Bean 'org.springframework.security.access.expression.method.DefaultMethodSecurityExpressionHandler@751109a9' of type [org.springframework.security.access.expression.method.DefaultMethodSecurityExpressionHandler] is not eligible for getting processed by all BeanPostProcessors (for example: not eligible for auto-proxying)
10-06-2020 05:22:45.140 [restartedMain] INFO  o.s.c.s.PostProcessorRegistrationDelegate$BeanPostProcessorChecker.postProcessAfterInitialization - Bean 'org.springframework.security.config.annotation.method.configuration.GlobalMethodSecurityConfiguration' of type [org.springframework.security.config.annotation.method.configuration.GlobalMethodSecurityConfiguration$$EnhancerBySpringCGLIB$$81ed3d56] is not eligible for getting processed by all BeanPostProcessors (for example: not eligible for auto-proxying)
10-06-2020 05:22:45.171 [restartedMain] INFO  o.s.c.s.PostProcessorRegistrationDelegate$BeanPostProcessorChecker.postProcessAfterInitialization - Bean 'org.springframework.security.config.annotation.method.configuration.Jsr250MetadataSourceConfiguration' of type [org.springframework.security.config.annotation.method.configuration.Jsr250MetadataSourceConfiguration$$EnhancerBySpringCGLIB$$a742556c] is not eligible for getting processed by all BeanPostProcessors (for example: not eligible for auto-proxying)
10-06-2020 05:22:45.187 [restartedMain] INFO  o.s.c.s.PostProcessorRegistrationDelegate$BeanPostProcessorChecker.postProcessAfterInitialization - Bean 'jsr250MethodSecurityMetadataSource' of type [org.springframework.security.access.annotation.Jsr250MethodSecurityMetadataSource] is not eligible for getting processed by all BeanPostProcessors (for example: not eligible for auto-proxying)
10-06-2020 05:22:45.187 [restartedMain] INFO  o.s.c.s.PostProcessorRegistrationDelegate$BeanPostProcessorChecker.postProcessAfterInitialization - Bean 'methodSecurityMetadataSource' of type [org.springframework.security.access.method.DelegatingMethodSecurityMetadataSource] is not eligible for getting processed by all BeanPostProcessors (for example: not eligible for auto-proxying)
10-06-2020 05:22:45.218 [restartedMain] INFO  o.s.c.s.PostProcessorRegistrationDelegate$BeanPostProcessorChecker.postProcessAfterInitialization - Bean 'org.springframework.hateoas.config.HateoasConfiguration' of type [org.springframework.hateoas.config.HateoasConfiguration$$EnhancerBySpringCGLIB$$43eb1f9c] is not eligible for getting processed by all BeanPostProcessors (for example: not eligible for auto-proxying)
10-06-2020 05:22:46.967 [restartedMain] INFO  o.s.b.w.e.tomcat.TomcatWebServer.initialize - Tomcat initialized with port(s): 8080 (http)
10-06-2020 05:22:47.014 [restartedMain] INFO  o.a.catalina.core.StandardService.log - Starting service [Tomcat]
10-06-2020 05:22:47.014 [restartedMain] INFO  o.a.catalina.core.StandardEngine.log - Starting Servlet engine: [Apache Tomcat/9.0.16]
10-06-2020 05:22:47.046 [restartedMain] INFO  o.a.c.core.AprLifecycleListener.log - The APR based Apache Tomcat Native library which allows optimal performance in production environments was not found on the java.library.path: [C:\Program Files\Java\jdk1.8.0_251\bin;C:\WINDOWS\Sun\Java\bin;C:\WINDOWS\system32;C:\WINDOWS;C:\Program Files (x86)\Common Files\Oracle\Java\javapath;C:\Program Files (x86)\Intel\iCLS Client\;C:\Program Files\Intel\iCLS Client\;C:\WINDOWS\system32;C:\WINDOWS;C:\WINDOWS\System32\Wbem;C:\WINDOWS\System32\WindowsPowerShell\v1.0\;C:\Program Files (x86)\Intel\Intel(R) Management Engine Components\DAL;C:\Program Files\Intel\Intel(R) Management Engine Components\DAL;C:\Program Files (x86)\Intel\Intel(R) Management Engine Components\IPT;C:\Program Files\Intel\Intel(R) Management Engine Components\IPT;C:\WINDOWS\System32\OpenSSH\;D:\software\apache-maven-3.6.3-bin\apache-maven-3.6.3\bin;C:\Program Files\nodejs\;C:\Program Files\Git\cmd;C:\Program Files\Java\jdk1.8.0_251\bin;C:\Program Files\Java\jre1.8.0_251\bin;C:\Users\jayde\AppData\Local\Microsoft\WindowsApps;C:\Users\jayde\AppData\Roaming\npm;C:\Users\jayde\AppData\Local\Programs\Microsoft VS Code\bin;.]
10-06-2020 05:22:47.280 [restartedMain] INFO  o.a.c.c.C.[Tomcat].[localhost].[/].log - Initializing Spring embedded WebApplicationContext
10-06-2020 05:22:47.280 [restartedMain] INFO  o.s.web.context.ContextLoader.prepareWebApplicationContext - Root WebApplicationContext: initialization completed in 6842 ms
10-06-2020 05:22:48.420 [restartedMain] INFO  com.zaxxer.hikari.HikariDataSource.getConnection - HikariPool-1 - Starting...
10-06-2020 05:22:48.905 [restartedMain] INFO  com.zaxxer.hikari.HikariDataSource.getConnection - HikariPool-1 - Start completed.
10-06-2020 05:22:49.108 [restartedMain] INFO  o.h.jpa.internal.util.LogHelper.logPersistenceUnitInformation - HHH000204: Processing PersistenceUnitInfo [
	name: default
	...]
10-06-2020 05:22:49.233 [restartedMain] INFO  org.hibernate.Version.logVersion - HHH000412: Hibernate Core {5.3.7.Final}
10-06-2020 05:22:49.233 [restartedMain] INFO  org.hibernate.cfg.Environment.<clinit> - HHH000206: hibernate.properties not found
10-06-2020 05:22:49.529 [restartedMain] INFO  o.h.annotations.common.Version.<clinit> - HCANN000001: Hibernate Commons Annotations {5.0.4.Final}
10-06-2020 05:22:49.873 [restartedMain] INFO  org.hibernate.dialect.Dialect.<init> - HHH000400: Using dialect: org.hibernate.dialect.MariaDBDialect
10-06-2020 05:22:52.310 [restartedMain] INFO  o.s.o.j.LocalContainerEntityManagerFactoryBean.buildNativeEntityManagerFactory - Initialized JPA EntityManagerFactory for persistence unit 'default'
10-06-2020 05:22:54.013 [restartedMain] INFO  o.s.b.d.a.OptionalLiveReloadServer.startServer - LiveReload server is running on port 35729
10-06-2020 05:22:54.763 [restartedMain] INFO  o.h.h.i.QueryTranslatorFactoryInitiator.initiateService - HHH000397: Using ASTQueryTranslatorFactory
10-06-2020 05:22:57.168 [restartedMain] WARN  o.s.b.a.o.j.JpaBaseConfiguration$JpaWebConfiguration$JpaWebMvcConfiguration.openEntityManagerInViewInterceptor - spring.jpa.open-in-view is enabled by default. Therefore, database queries may be performed during view rendering. Explicitly configure spring.jpa.open-in-view to disable this warning
10-06-2020 05:22:58.918 [restartedMain] INFO  s.d.s.w.PropertySourcedRequestMappingHandlerMapping.initHandlerMethods - Mapped URL path [/v2/api-docs] onto method [public org.springframework.http.ResponseEntity<springfox.documentation.spring.web.json.Json> springfox.documentation.swagger2.web.Swagger2Controller.getDocumentation(java.lang.String,javax.servlet.http.HttpServletRequest)]
10-06-2020 05:22:59.168 [restartedMain] INFO  o.s.s.web.DefaultSecurityFilterChain.<init> - Creating filter chain: any request, [org.springframework.security.web.context.request.async.WebAsyncManagerIntegrationFilter@14df3c0d, org.springframework.security.web.context.SecurityContextPersistenceFilter@5ccfd13c, org.springframework.security.web.header.HeaderWriterFilter@69601f04, org.springframework.web.filter.CorsFilter@a9c7824, org.springframework.security.web.authentication.logout.LogoutFilter@2246a051, com.aroha.pet.security.JwtAuthenticationFilter@2760a19b, org.springframework.security.web.savedrequest.RequestCacheAwareFilter@68db5fed, org.springframework.security.web.servletapi.SecurityContextHolderAwareRequestFilter@c08b09a, org.springframework.security.web.authentication.AnonymousAuthenticationFilter@f52bd9f, org.springframework.security.web.session.SessionManagementFilter@6a3a0c65, org.springframework.security.web.access.ExceptionTranslationFilter@1095bbd, org.springframework.security.web.access.intercept.FilterSecurityInterceptor@76522fb5]
10-06-2020 05:22:59.496 [restartedMain] INFO  o.s.s.c.ThreadPoolTaskExecutor.initialize - Initializing ExecutorService 'applicationTaskExecutor'
10-06-2020 05:23:00.902 [restartedMain] INFO  s.d.s.w.p.DocumentationPluginsBootstrapper.start - Context refreshed
10-06-2020 05:23:00.949 [restartedMain] INFO  s.d.s.w.p.DocumentationPluginsBootstrapper.start - Found 1 custom documentation plugin(s)
10-06-2020 05:23:00.995 [restartedMain] INFO  s.d.s.w.s.ApiListingReferenceScanner.scan - Scanning for api listing references
10-06-2020 05:23:01.558 [restartedMain] INFO  s.d.s.w.r.o.CachingOperationNameGenerator.startingWith - Generating unique operation named: generateReportCardUsingGET_1
10-06-2020 05:23:01.573 [restartedMain] INFO  s.d.s.w.r.o.CachingOperationNameGenerator.startingWith - Generating unique operation named: showAnalysisUsingPOST_1
10-06-2020 05:23:01.589 [restartedMain] INFO  s.d.s.w.r.o.CachingOperationNameGenerator.startingWith - Generating unique operation named: generateReportCardUsingGET_2
10-06-2020 05:23:01.605 [restartedMain] INFO  s.d.s.w.r.o.CachingOperationNameGenerator.startingWith - Generating unique operation named: showAnalysisUsingPOST_2
10-06-2020 05:23:01.605 [restartedMain] INFO  s.d.s.w.r.o.CachingOperationNameGenerator.startingWith - Generating unique operation named: generateReportCardUsingGET_3
10-06-2020 05:23:01.620 [restartedMain] INFO  s.d.s.w.r.o.CachingOperationNameGenerator.startingWith - Generating unique operation named: getDomainAnalysisForCProgramingUsingPOST_1
10-06-2020 05:23:01.620 [restartedMain] INFO  s.d.s.w.r.o.CachingOperationNameGenerator.startingWith - Generating unique operation named: showAnalysisUsingPOST_3
10-06-2020 05:23:01.745 [restartedMain] INFO  o.s.b.w.e.tomcat.TomcatWebServer.start - Tomcat started on port(s): 8080 (http) with context path ''
10-06-2020 05:23:21.141 [restartedMain] INFO  o.s.b.d.e.DevToolsPropertyDefaultsPostProcessor.logTo - Devtools property defaults active! Set 'spring.devtools.add-properties' to 'false' to disable
10-06-2020 05:23:21.141 [restartedMain] INFO  o.s.b.d.e.DevToolsPropertyDefaultsPostProcessor.logTo - For additional web related logging consider setting the 'logging.level.web' property to 'DEBUG'
10-06-2020 05:23:24.906 [restartedMain] INFO  o.s.d.r.c.RepositoryConfigurationDelegate.registerRepositoriesIn - Bootstrapping Spring Data repositories in DEFAULT mode.
10-06-2020 05:23:25.140 [restartedMain] INFO  o.s.d.r.c.RepositoryConfigurationDelegate.registerRepositoriesIn - Finished Spring Data repository scanning in 219ms. Found 18 repository interfaces.
10-06-2020 05:23:25.999 [restartedMain] INFO  o.s.c.s.PostProcessorRegistrationDelegate$BeanPostProcessorChecker.postProcessAfterInitialization - Bean 'org.springframework.transaction.annotation.ProxyTransactionManagementConfiguration' of type [org.springframework.transaction.annotation.ProxyTransactionManagementConfiguration$$EnhancerBySpringCGLIB$$dc873304] is not eligible for getting processed by all BeanPostProcessors (for example: not eligible for auto-proxying)
10-06-2020 05:23:26.077 [restartedMain] INFO  o.s.c.s.PostProcessorRegistrationDelegate$BeanPostProcessorChecker.postProcessAfterInitialization - Bean 'org.springframework.security.config.annotation.configuration.ObjectPostProcessorConfiguration' of type [org.springframework.security.config.annotation.configuration.ObjectPostProcessorConfiguration$$EnhancerBySpringCGLIB$$7534fb3e] is not eligible for getting processed by all BeanPostProcessors (for example: not eligible for auto-proxying)
10-06-2020 05:23:26.077 [restartedMain] INFO  o.s.c.s.PostProcessorRegistrationDelegate$BeanPostProcessorChecker.postProcessAfterInitialization - Bean 'objectPostProcessor' of type [org.springframework.security.config.annotation.configuration.AutowireBeanFactoryObjectPostProcessor] is not eligible for getting processed by all BeanPostProcessors (for example: not eligible for auto-proxying)
10-06-2020 05:23:26.093 [restartedMain] INFO  o.s.c.s.PostProcessorRegistrationDelegate$BeanPostProcessorChecker.postProcessAfterInitialization - Bean 'org.springframework.security.access.expression.method.DefaultMethodSecurityExpressionHandler@6dc9cd9c' of type [org.springframework.security.access.expression.method.DefaultMethodSecurityExpressionHandler] is not eligible for getting processed by all BeanPostProcessors (for example: not eligible for auto-proxying)
10-06-2020 05:23:26.093 [restartedMain] INFO  o.s.c.s.PostProcessorRegistrationDelegate$BeanPostProcessorChecker.postProcessAfterInitialization - Bean 'org.springframework.security.config.annotation.method.configuration.GlobalMethodSecurityConfiguration' of type [org.springframework.security.config.annotation.method.configuration.GlobalMethodSecurityConfiguration$$EnhancerBySpringCGLIB$$9a099df0] is not eligible for getting processed by all BeanPostProcessors (for example: not eligible for auto-proxying)
10-06-2020 05:23:26.108 [restartedMain] INFO  o.s.c.s.PostProcessorRegistrationDelegate$BeanPostProcessorChecker.postProcessAfterInitialization - Bean 'org.springframework.security.config.annotation.method.configuration.Jsr250MetadataSourceConfiguration' of type [org.springframework.security.config.annotation.method.configuration.Jsr250MetadataSourceConfiguration$$EnhancerBySpringCGLIB$$bf5eb606] is not eligible for getting processed by all BeanPostProcessors (for example: not eligible for auto-proxying)
10-06-2020 05:23:26.124 [restartedMain] INFO  o.s.c.s.PostProcessorRegistrationDelegate$BeanPostProcessorChecker.postProcessAfterInitialization - Bean 'jsr250MethodSecurityMetadataSource' of type [org.springframework.security.access.annotation.Jsr250MethodSecurityMetadataSource] is not eligible for getting processed by all BeanPostProcessors (for example: not eligible for auto-proxying)
10-06-2020 05:23:26.124 [restartedMain] INFO  o.s.c.s.PostProcessorRegistrationDelegate$BeanPostProcessorChecker.postProcessAfterInitialization - Bean 'methodSecurityMetadataSource' of type [org.springframework.security.access.method.DelegatingMethodSecurityMetadataSource] is not eligible for getting processed by all BeanPostProcessors (for example: not eligible for auto-proxying)
10-06-2020 05:23:26.171 [restartedMain] INFO  o.s.c.s.PostProcessorRegistrationDelegate$BeanPostProcessorChecker.postProcessAfterInitialization - Bean 'org.springframework.hateoas.config.HateoasConfiguration' of type [org.springframework.hateoas.config.HateoasConfiguration$$EnhancerBySpringCGLIB$$5c078036] is not eligible for getting processed by all BeanPostProcessors (for example: not eligible for auto-proxying)
10-06-2020 05:23:27.608 [restartedMain] INFO  o.s.b.w.e.tomcat.TomcatWebServer.initialize - Tomcat initialized with port(s): 8080 (http)
10-06-2020 05:23:27.671 [restartedMain] INFO  o.a.catalina.core.StandardService.log - Starting service [Tomcat]
10-06-2020 05:23:27.671 [restartedMain] INFO  o.a.catalina.core.StandardEngine.log - Starting Servlet engine: [Apache Tomcat/9.0.16]
10-06-2020 05:23:27.702 [restartedMain] INFO  o.a.c.core.AprLifecycleListener.log - The APR based Apache Tomcat Native library which allows optimal performance in production environments was not found on the java.library.path: [C:\Program Files\Java\jdk1.8.0_251\bin;C:\WINDOWS\Sun\Java\bin;C:\WINDOWS\system32;C:\WINDOWS;C:\Program Files (x86)\Common Files\Oracle\Java\javapath;C:\Program Files (x86)\Intel\iCLS Client\;C:\Program Files\Intel\iCLS Client\;C:\WINDOWS\system32;C:\WINDOWS;C:\WINDOWS\System32\Wbem;C:\WINDOWS\System32\WindowsPowerShell\v1.0\;C:\Program Files (x86)\Intel\Intel(R) Management Engine Components\DAL;C:\Program Files\Intel\Intel(R) Management Engine Components\DAL;C:\Program Files (x86)\Intel\Intel(R) Management Engine Components\IPT;C:\Program Files\Intel\Intel(R) Management Engine Components\IPT;C:\WINDOWS\System32\OpenSSH\;D:\software\apache-maven-3.6.3-bin\apache-maven-3.6.3\bin;C:\Program Files\nodejs\;C:\Program Files\Git\cmd;C:\Program Files\Java\jdk1.8.0_251\bin;C:\Program Files\Java\jre1.8.0_251\bin;C:\Users\jayde\AppData\Local\Microsoft\WindowsApps;C:\Users\jayde\AppData\Roaming\npm;C:\Users\jayde\AppData\Local\Programs\Microsoft VS Code\bin;.]
10-06-2020 05:23:27.936 [restartedMain] INFO  o.a.c.c.C.[Tomcat].[localhost].[/].log - Initializing Spring embedded WebApplicationContext
10-06-2020 05:23:27.936 [restartedMain] INFO  o.s.web.context.ContextLoader.prepareWebApplicationContext - Root WebApplicationContext: initialization completed in 6795 ms
10-06-2020 05:23:30.639 [restartedMain] INFO  com.zaxxer.hikari.HikariDataSource.getConnection - HikariPool-1 - Starting...
10-06-2020 05:23:30.873 [restartedMain] INFO  com.zaxxer.hikari.HikariDataSource.getConnection - HikariPool-1 - Start completed.
10-06-2020 05:23:31.123 [restartedMain] INFO  o.h.jpa.internal.util.LogHelper.logPersistenceUnitInformation - HHH000204: Processing PersistenceUnitInfo [
	name: default
	...]
10-06-2020 05:23:31.279 [restartedMain] INFO  org.hibernate.Version.logVersion - HHH000412: Hibernate Core {5.3.7.Final}
10-06-2020 05:23:31.295 [restartedMain] INFO  org.hibernate.cfg.Environment.<clinit> - HHH000206: hibernate.properties not found
10-06-2020 05:23:32.045 [restartedMain] INFO  o.h.annotations.common.Version.<clinit> - HCANN000001: Hibernate Commons Annotations {5.0.4.Final}
10-06-2020 05:23:32.826 [restartedMain] INFO  org.hibernate.dialect.Dialect.<init> - HHH000400: Using dialect: org.hibernate.dialect.MariaDBDialect
10-06-2020 05:23:35.825 [restartedMain] INFO  o.s.o.j.LocalContainerEntityManagerFactoryBean.buildNativeEntityManagerFactory - Initialized JPA EntityManagerFactory for persistence unit 'default'
10-06-2020 05:23:37.137 [restartedMain] INFO  o.s.b.d.a.OptionalLiveReloadServer.startServer - LiveReload server is running on port 35729
10-06-2020 05:23:37.809 [restartedMain] INFO  o.h.h.i.QueryTranslatorFactoryInitiator.initiateService - HHH000397: Using ASTQueryTranslatorFactory
10-06-2020 05:23:39.262 [restartedMain] WARN  o.s.b.a.o.j.JpaBaseConfiguration$JpaWebConfiguration$JpaWebMvcConfiguration.openEntityManagerInViewInterceptor - spring.jpa.open-in-view is enabled by default. Therefore, database queries may be performed during view rendering. Explicitly configure spring.jpa.open-in-view to disable this warning
10-06-2020 05:23:40.668 [restartedMain] INFO  s.d.s.w.PropertySourcedRequestMappingHandlerMapping.initHandlerMethods - Mapped URL path [/v2/api-docs] onto method [public org.springframework.http.ResponseEntity<springfox.documentation.spring.web.json.Json> springfox.documentation.swagger2.web.Swagger2Controller.getDocumentation(java.lang.String,javax.servlet.http.HttpServletRequest)]
10-06-2020 05:23:40.886 [restartedMain] INFO  o.s.s.web.DefaultSecurityFilterChain.<init> - Creating filter chain: any request, [org.springframework.security.web.context.request.async.WebAsyncManagerIntegrationFilter@ac24d33, org.springframework.security.web.context.SecurityContextPersistenceFilter@1431ab6f, org.springframework.security.web.header.HeaderWriterFilter@4d5f835f, org.springframework.web.filter.CorsFilter@6299240d, org.springframework.security.web.authentication.logout.LogoutFilter@712aa6a6, com.aroha.pet.security.JwtAuthenticationFilter@6b9c3f6c, org.springframework.security.web.savedrequest.RequestCacheAwareFilter@3db23041, org.springframework.security.web.servletapi.SecurityContextHolderAwareRequestFilter@6fc712a2, org.springframework.security.web.authentication.AnonymousAuthenticationFilter@6766289a, org.springframework.security.web.session.SessionManagementFilter@6f615f7d, org.springframework.security.web.access.ExceptionTranslationFilter@3655f716, org.springframework.security.web.access.intercept.FilterSecurityInterceptor@509a848c]
10-06-2020 05:23:41.183 [restartedMain] INFO  o.s.s.c.ThreadPoolTaskExecutor.initialize - Initializing ExecutorService 'applicationTaskExecutor'
10-06-2020 05:23:42.448 [restartedMain] INFO  s.d.s.w.p.DocumentationPluginsBootstrapper.start - Context refreshed
10-06-2020 05:23:42.495 [restartedMain] INFO  s.d.s.w.p.DocumentationPluginsBootstrapper.start - Found 1 custom documentation plugin(s)
10-06-2020 05:23:42.605 [restartedMain] INFO  s.d.s.w.s.ApiListingReferenceScanner.scan - Scanning for api listing references
10-06-2020 05:23:43.667 [restartedMain] INFO  s.d.s.w.r.o.CachingOperationNameGenerator.startingWith - Generating unique operation named: generateReportCardUsingGET_1
10-06-2020 05:23:43.667 [restartedMain] INFO  s.d.s.w.r.o.CachingOperationNameGenerator.startingWith - Generating unique operation named: showAnalysisUsingPOST_1
10-06-2020 05:23:43.682 [restartedMain] INFO  s.d.s.w.r.o.CachingOperationNameGenerator.startingWith - Generating unique operation named: generateReportCardUsingGET_2
10-06-2020 05:23:43.682 [restartedMain] INFO  s.d.s.w.r.o.CachingOperationNameGenerator.startingWith - Generating unique operation named: showAnalysisUsingPOST_2
10-06-2020 05:23:43.698 [restartedMain] INFO  s.d.s.w.r.o.CachingOperationNameGenerator.startingWith - Generating unique operation named: generateReportCardUsingGET_3
10-06-2020 05:23:43.698 [restartedMain] INFO  s.d.s.w.r.o.CachingOperationNameGenerator.startingWith - Generating unique operation named: getDomainAnalysisForCProgramingUsingPOST_1
10-06-2020 05:23:43.698 [restartedMain] INFO  s.d.s.w.r.o.CachingOperationNameGenerator.startingWith - Generating unique operation named: showAnalysisUsingPOST_3
10-06-2020 05:23:43.917 [restartedMain] INFO  o.s.b.w.e.tomcat.TomcatWebServer.start - Tomcat started on port(s): 8080 (http) with context path ''
